c:\users\tawfiq jawhar\onedrive\workspaces\aiproject\builds\visualstudio2015\debug\minimax.obj
c:\users\tawfiq jawhar\onedrive\workspaces\aiproject\builds\visualstudio2015\debug\juce_data_structures.obj
c:\users\tawfiq jawhar\onedrive\workspaces\aiproject\builds\visualstudio2015\debug\juce_opengl.obj
c:\users\tawfiq jawhar\onedrive\workspaces\aiproject\builds\visualstudio2015\debug\juce_audio_formats.obj
c:\users\tawfiq jawhar\onedrive\workspaces\aiproject\builds\visualstudio2015\debug\juce_gui_basics.obj
c:\users\tawfiq jawhar\onedrive\workspaces\aiproject\builds\visualstudio2015\debug\maincomponent.obj
c:\users\tawfiq jawhar\onedrive\workspaces\aiproject\builds\visualstudio2015\debug\juce_graphics.obj
c:\users\tawfiq jawhar\onedrive\workspaces\aiproject\builds\visualstudio2015\debug\juce_audio_basics.obj
c:\users\tawfiq jawhar\onedrive\workspaces\aiproject\builds\visualstudio2015\debug\juce_audio_processors.obj
c:\users\tawfiq jawhar\onedrive\workspaces\aiproject\builds\visualstudio2015\debug\binarydata.obj
c:\users\tawfiq jawhar\onedrive\workspaces\aiproject\builds\visualstudio2015\debug\juce_audio_devices.obj
c:\users\tawfiq jawhar\onedrive\workspaces\aiproject\builds\visualstudio2015\debug\juce_core.obj
c:\users\tawfiq jawhar\onedrive\workspaces\aiproject\builds\visualstudio2015\debug\main.obj
c:\users\tawfiq jawhar\onedrive\workspaces\aiproject\builds\visualstudio2015\debug\juce_events.obj
c:\users\tawfiq jawhar\onedrive\workspaces\aiproject\builds\visualstudio2015\debug\juce_video.obj
c:\users\tawfiq jawhar\onedrive\workspaces\aiproject\builds\visualstudio2015\debug\game.obj
c:\users\tawfiq jawhar\onedrive\workspaces\aiproject\builds\visualstudio2015\debug\juce_cryptography.obj
c:\users\tawfiq jawhar\onedrive\workspaces\aiproject\builds\visualstudio2015\debug\juce_gui_extra.obj
c:\users\tawfiq jawhar\onedrive\workspaces\aiproject\builds\visualstudio2015\debug\vc140.pdb
c:\users\tawfiq jawhar\onedrive\workspaces\aiproject\builds\visualstudio2015\debug\aiproject.ilk
c:\users\tawfiq jawhar\onedrive\workspaces\aiproject\builds\visualstudio2015\debug\aiproject.exe
c:\users\tawfiq jawhar\onedrive\workspaces\aiproject\builds\visualstudio2015\debug\aiproject.pdb
c:\users\tawfiq jawhar\onedrive\workspaces\aiproject\builds\visualstudio2015\debug\resources.res
c:\users\tawfiq\onedrive\workspaces\aiproject\builds\visualstudio2015\debug\binarydata.obj
c:\users\tawfiq\onedrive\workspaces\aiproject\builds\visualstudio2015\debug\game.obj
c:\users\tawfiq\onedrive\workspaces\aiproject\builds\visualstudio2015\debug\juce_audio_basics.obj
c:\users\tawfiq\onedrive\workspaces\aiproject\builds\visualstudio2015\debug\juce_audio_devices.obj
c:\users\tawfiq\onedrive\workspaces\aiproject\builds\visualstudio2015\debug\juce_audio_formats.obj
c:\users\tawfiq\onedrive\workspaces\aiproject\builds\visualstudio2015\debug\juce_audio_processors.obj
c:\users\tawfiq\onedrive\workspaces\aiproject\builds\visualstudio2015\debug\juce_core.obj
c:\users\tawfiq\onedrive\workspaces\aiproject\builds\visualstudio2015\debug\juce_cryptography.obj
c:\users\tawfiq\onedrive\workspaces\aiproject\builds\visualstudio2015\debug\juce_data_structures.obj
c:\users\tawfiq\onedrive\workspaces\aiproject\builds\visualstudio2015\debug\juce_events.obj
c:\users\tawfiq\onedrive\workspaces\aiproject\builds\visualstudio2015\debug\juce_graphics.obj
c:\users\tawfiq\onedrive\workspaces\aiproject\builds\visualstudio2015\debug\juce_gui_basics.obj
c:\users\tawfiq\onedrive\workspaces\aiproject\builds\visualstudio2015\debug\juce_gui_extra.obj
c:\users\tawfiq\onedrive\workspaces\aiproject\builds\visualstudio2015\debug\juce_opengl.obj
c:\users\tawfiq\onedrive\workspaces\aiproject\builds\visualstudio2015\debug\juce_video.obj
c:\users\tawfiq\onedrive\workspaces\aiproject\builds\visualstudio2015\debug\main.obj
c:\users\tawfiq\onedrive\workspaces\aiproject\builds\visualstudio2015\debug\maincomponent.obj
c:\users\tawfiq\onedrive\workspaces\aiproject\builds\visualstudio2015\debug\minimax.obj
c:\users\tawfiq\onedrive\workspaces\aiproject\builds\visualstudio2015\debug\aiproject.ilk
c:\users\tawfiq\onedrive\workspaces\aiproject\builds\visualstudio2015\debug\resources.res
c:\users\tawfiq\onedrive\workspaces\aiproject\builds\visualstudio2015\debug\vc140.idb
c:\users\tawfiq\onedrive\workspaces\aiproject\builds\visualstudio2015\debug\aiproject.pdb
c:\users\tawfiq\onedrive\workspaces\aiproject\builds\visualstudio2015\debug\vc140.pdb
c:\users\tawfiq\onedrive\workspaces\aiproject\builds\visualstudio2015\debug\aiproject.exe
c:\users\tawfiq\onedrive\workspaces\aiproject\builds\visualstudio2015\debug\aiproject.tlog\cl.command.1.tlog
c:\users\tawfiq\onedrive\workspaces\aiproject\builds\visualstudio2015\debug\aiproject.tlog\cl.read.1.tlog
c:\users\tawfiq\onedrive\workspaces\aiproject\builds\visualstudio2015\debug\aiproject.tlog\cl.write.1.tlog
c:\users\tawfiq\onedrive\workspaces\aiproject\builds\visualstudio2015\debug\aiproject.tlog\link.command.1.tlog
c:\users\tawfiq\onedrive\workspaces\aiproject\builds\visualstudio2015\debug\aiproject.tlog\link.read.1.tlog
c:\users\tawfiq\onedrive\workspaces\aiproject\builds\visualstudio2015\debug\aiproject.tlog\link.write.1.tlog
c:\users\tawfiq\onedrive\workspaces\aiproject\builds\visualstudio2015\debug\aiproject.tlog\rc.command.1.tlog
c:\users\tawfiq\onedrive\workspaces\aiproject\builds\visualstudio2015\debug\aiproject.tlog\rc.read.1.tlog
c:\users\tawfiq\onedrive\workspaces\aiproject\builds\visualstudio2015\debug\aiproject.tlog\rc.write.1.tlog
