c:\users\tawfiq jawhar\onedrive\workspaces\aiproject\builds\visualstudio2015\release\main.obj
c:\users\tawfiq jawhar\onedrive\workspaces\aiproject\builds\visualstudio2015\release\juce_graphics.obj
c:\users\tawfiq jawhar\onedrive\workspaces\aiproject\builds\visualstudio2015\release\game.obj
c:\users\tawfiq jawhar\onedrive\workspaces\aiproject\builds\visualstudio2015\release\juce_data_structures.obj
c:\users\tawfiq jawhar\onedrive\workspaces\aiproject\builds\visualstudio2015\release\juce_opengl.obj
c:\users\tawfiq jawhar\onedrive\workspaces\aiproject\builds\visualstudio2015\release\maincomponent.obj
c:\users\tawfiq jawhar\onedrive\workspaces\aiproject\builds\visualstudio2015\release\juce_events.obj
c:\users\tawfiq jawhar\onedrive\workspaces\aiproject\builds\visualstudio2015\release\juce_video.obj
c:\users\tawfiq jawhar\onedrive\workspaces\aiproject\builds\visualstudio2015\release\juce_audio_basics.obj
c:\users\tawfiq jawhar\onedrive\workspaces\aiproject\builds\visualstudio2015\release\juce_audio_processors.obj
c:\users\tawfiq jawhar\onedrive\workspaces\aiproject\builds\visualstudio2015\release\juce_audio_devices.obj
c:\users\tawfiq jawhar\onedrive\workspaces\aiproject\builds\visualstudio2015\release\juce_core.obj
c:\users\tawfiq jawhar\onedrive\workspaces\aiproject\builds\visualstudio2015\release\juce_audio_formats.obj
c:\users\tawfiq jawhar\onedrive\workspaces\aiproject\builds\visualstudio2015\release\juce_gui_basics.obj
c:\users\tawfiq jawhar\onedrive\workspaces\aiproject\builds\visualstudio2015\release\minimax.obj
c:\users\tawfiq jawhar\onedrive\workspaces\aiproject\builds\visualstudio2015\release\juce_cryptography.obj
c:\users\tawfiq jawhar\onedrive\workspaces\aiproject\builds\visualstudio2015\release\juce_gui_extra.obj
c:\users\tawfiq jawhar\onedrive\workspaces\aiproject\builds\visualstudio2015\release\binarydata.obj
c:\users\tawfiq jawhar\onedrive\workspaces\aiproject\builds\visualstudio2015\release\vc140.pdb
c:\users\tawfiq\onedrive\workspaces\aiproject\builds\visualstudio2015\release\juce_audio_basics.obj
c:\users\tawfiq\onedrive\workspaces\aiproject\builds\visualstudio2015\release\juce_audio_processors.obj
c:\users\tawfiq\onedrive\workspaces\aiproject\builds\visualstudio2015\release\game.obj
c:\users\tawfiq\onedrive\workspaces\aiproject\builds\visualstudio2015\release\juce_events.obj
c:\users\tawfiq\onedrive\workspaces\aiproject\builds\visualstudio2015\release\main.obj
c:\users\tawfiq\onedrive\workspaces\aiproject\builds\visualstudio2015\release\juce_gui_basics.obj
c:\users\tawfiq\onedrive\workspaces\aiproject\builds\visualstudio2015\release\minimax.obj
c:\users\tawfiq\onedrive\workspaces\aiproject\builds\visualstudio2015\release\juce_graphics.obj
c:\users\tawfiq\onedrive\workspaces\aiproject\builds\visualstudio2015\release\binarydata.obj
c:\users\tawfiq\onedrive\workspaces\aiproject\builds\visualstudio2015\release\juce_video.obj
c:\users\tawfiq\onedrive\workspaces\aiproject\builds\visualstudio2015\release\juce_audio_formats.obj
c:\users\tawfiq\onedrive\workspaces\aiproject\builds\visualstudio2015\release\juce_cryptography.obj
c:\users\tawfiq\onedrive\workspaces\aiproject\builds\visualstudio2015\release\juce_gui_extra.obj
c:\users\tawfiq\onedrive\workspaces\aiproject\builds\visualstudio2015\release\maincomponent.obj
c:\users\tawfiq\onedrive\workspaces\aiproject\builds\visualstudio2015\release\juce_data_structures.obj
c:\users\tawfiq\onedrive\workspaces\aiproject\builds\visualstudio2015\release\juce_opengl.obj
c:\users\tawfiq\onedrive\workspaces\aiproject\builds\visualstudio2015\release\juce_audio_devices.obj
c:\users\tawfiq\onedrive\workspaces\aiproject\builds\visualstudio2015\release\juce_core.obj
c:\users\tawfiq\onedrive\workspaces\aiproject\builds\visualstudio2015\release\vc140.pdb
c:\users\tawfiq jawhar\onedrive\workspaces\aiproject\builds\visualstudio2015\release\aiproject.exe
c:\users\tawfiq\onedrive\workspaces\aiproject\builds\visualstudio2015\release\aiproject.exe
c:\users\tawfiq jawhar\onedrive\workspaces\aiproject\builds\visualstudio2015\release\resources.res
c:\users\tawfiq\onedrive\workspaces\aiproject\builds\visualstudio2015\release\resources.res
c:\users\tawfiq\onedrive\workspaces\aiproject\builds\visualstudio2015\release\aiproject.tlog\cl.command.1.tlog
c:\users\tawfiq\onedrive\workspaces\aiproject\builds\visualstudio2015\release\aiproject.tlog\cl.read.1.tlog
c:\users\tawfiq\onedrive\workspaces\aiproject\builds\visualstudio2015\release\aiproject.tlog\cl.write.1.tlog
c:\users\tawfiq\onedrive\workspaces\aiproject\builds\visualstudio2015\release\aiproject.tlog\link.command.1.tlog
c:\users\tawfiq\onedrive\workspaces\aiproject\builds\visualstudio2015\release\aiproject.tlog\link.read.1.tlog
c:\users\tawfiq\onedrive\workspaces\aiproject\builds\visualstudio2015\release\aiproject.tlog\link.write.1.tlog
c:\users\tawfiq\onedrive\workspaces\aiproject\builds\visualstudio2015\release\aiproject.tlog\rc.command.1.tlog
c:\users\tawfiq\onedrive\workspaces\aiproject\builds\visualstudio2015\release\aiproject.tlog\rc.read.1.tlog
c:\users\tawfiq\onedrive\workspaces\aiproject\builds\visualstudio2015\release\aiproject.tlog\rc.write.1.tlog
